<?xml version="1.0" encoding="UTF-8"?>
<!-- Generated by org.testng.reporters.JUnitReportReporter -->
<testsuite hostname="WINDOWS-AH38UOK" failures="0" tests="1" name="QuickStart.QuickStart.TestNGTest" time="0.023" errors="0" timestamp="1 Apr 2020 19:16:47 GMT">
  <testcase classname="QuickStart.QuickStart.TestNGTest" name="add" time="0.023"/>
</testsuite> <!-- QuickStart.QuickStart.TestNGTest -->
